<?xml version="1.0" ?>
<project xmlns:dc="http://purl.org/dc/elements/1.1/">
	<title>Second test project</title>
	<description/>
	<catalog dc:uri="https://rdmo.helmuth.at/questions/fwf"/>
	<values>
		<value>
			<attribute dc:uri="https://rdmorganiser.github.io/terms/domain/project/coordination/name"/>
			<set_index>0</set_index>
			<collection_index>0</collection_index>
			<text/>
			<option/>
			<value_type>text</value_type>
			<unit/>
			<created>2019-06-29T09:53:05.622095+02:00</created>
			<updated>2019-06-29T10:03:12.134690+02:00</updated>
		</value>
		<value>
			<attribute dc:uri="https://rdmorganiser.github.io/terms/domain/project/dataset/description"/>
			<set_index>0</set_index>
			<collection_index>0</collection_index>
			<text/>
			<option/>
			<value_type>text</value_type>
			<unit/>
			<created>2019-06-29T10:23:23.300722+02:00</created>
			<updated>2019-06-29T10:23:23.300731+02:00</updated>
		</value>
		<value>
			<attribute dc:uri="https://rdmorganiser.github.io/terms/domain/project/dataset/format"/>
			<set_index>0</set_index>
			<collection_index>0</collection_index>
			<text/>
			<option/>
			<value_type>text</value_type>
			<unit/>
			<created>2019-06-29T10:23:23.300773+02:00</created>
			<updated>2019-06-29T10:23:23.300780+02:00</updated>
		</value>
		<value>
			<attribute dc:uri="https://rdmorganiser.github.io/terms/domain/project/dataset/id"/>
			<set_index>0</set_index>
			<collection_index>0</collection_index>
			<text>Test</text>
			<option/>
			<value_type>text</value_type>
			<unit/>
			<created>2019-06-29T10:23:23.312658+02:00</created>
			<updated>2019-06-29T10:23:23.312664+02:00</updated>
		</value>
		<value>
			<attribute dc:uri="https://rdmorganiser.github.io/terms/domain/project/dataset/sharing/conditions"/>
			<set_index>0</set_index>
			<collection_index>0</collection_index>
			<text/>
			<option/>
			<value_type>text</value_type>
			<unit/>
			<created>2019-06-29T11:58:31.007784+02:00</created>
			<updated>2019-06-29T11:58:31.007790+02:00</updated>
		</value>
		<value>
			<attribute dc:uri="https://rdmorganiser.github.io/terms/domain/project/dataset/sharing/sharing_license"/>
			<set_index>0</set_index>
			<collection_index>0</collection_index>
			<text/>
			<option/>
			<value_type>text</value_type>
			<unit/>
			<created>2019-06-29T11:58:31.011117+02:00</created>
			<updated>2019-06-29T11:58:31.011122+02:00</updated>
		</value>
		<value>
			<attribute dc:uri="https://rdmorganiser.github.io/terms/domain/project/dataset/size/number_files"/>
			<set_index>0</set_index>
			<collection_index>0</collection_index>
			<text/>
			<option/>
			<value_type>integer</value_type>
			<unit/>
			<created>2019-06-29T10:23:23.308746+02:00</created>
			<updated>2019-06-29T10:23:23.308752+02:00</updated>
		</value>
		<value>
			<attribute dc:uri="https://rdmorganiser.github.io/terms/domain/project/dataset/size/volume"/>
			<set_index>0</set_index>
			<collection_index>0</collection_index>
			<text/>
			<option/>
			<value_type>float</value_type>
			<unit>GB</unit>
			<created>2019-06-29T10:23:23.305770+02:00</created>
			<updated>2019-06-29T10:23:23.305778+02:00</updated>
		</value>
		<value>
			<attribute dc:uri="https://rdmorganiser.github.io/terms/domain/project/legal_aspects/sensitive_data/other/yesno"/>
			<set_index>0</set_index>
			<collection_index>0</collection_index>
			<text>1</text>
			<option/>
			<value_type>boolean</value_type>
			<unit/>
			<created>2019-06-29T11:58:31.010376+02:00</created>
			<updated>2019-06-29T11:58:31.010381+02:00</updated>
		</value>
	</values>
	<created>2019-06-29T09:30:43.529158+02:00</created>
	<updated>2019-06-29T09:30:43.529172+02:00</updated>
</project>
